<?xml version="1.0" encoding="UTF-8"?>
<!-- Generated by org.testng.reporters.JUnitReportReporter -->
<testsuite skipped="0" hostname="DESKTOP-RVK5SQO" name="com.lilypad.qa.testcases.PatientDemographic" tests="1" failures="0" timestamp="08 Jan 2019 12:23:16 GMT" time="0.622" errors="0">
  <testcase name="getpatientinfo" time="0.622" classname="com.lilypad.qa.testcases.PatientDemographic"/>
</testsuite> <!-- com.lilypad.qa.testcases.PatientDemographic -->
